2023.06.03 23:12:46 INFO  Started: Metals version 0.11.12 in workspace 'H:\workshop\javascript\no_typescript\next-no-pimps' for client Visual Studio Code 1.78.2.
Jun. 03, 2023 11:12:46 P.M. org.flywaydb.core.internal.license.VersionPrinter printVersionOnly
INFO: Flyway Community Edition 9.16.3 by Redgate
Jun. 03, 2023 11:12:46 P.M. org.flywaydb.core.internal.license.VersionPrinter printVersion
INFO: See release notes here: https://rd.gt/416ObMi
Jun. 03, 2023 11:12:46 P.M. org.flywaydb.core.internal.license.VersionPrinter printVersion
INFO: 
Jun. 03, 2023 11:12:46 P.M. org.flywaydb.core.internal.database.base.BaseDatabaseType createDatabase
INFO: Database: jdbc:h2:file:H:\workshop\javascript\no_typescript\next-no-pimps\.metals\metals (H2 2.1)
Jun. 03, 2023 11:12:46 P.M. org.flywaydb.core.internal.schemahistory.JdbcTableSchemaHistory allAppliedMigrations
INFO: Schema history table "PUBLIC"."flyway_schema_history" does not exist yet
Jun. 03, 2023 11:12:46 P.M. org.flywaydb.core.internal.command.DbValidate validate
INFO: Successfully validated 4 migrations (execution time 00:00.011s)
Jun. 03, 2023 11:12:46 P.M. org.flywaydb.core.internal.schemahistory.JdbcTableSchemaHistory create
INFO: Creating Schema History table "PUBLIC"."flyway_schema_history" ...
Jun. 03, 2023 11:12:46 P.M. org.flywaydb.core.internal.command.DbMigrate migrateGroup
INFO: Current version of schema "PUBLIC": << Empty Schema >>
Jun. 03, 2023 11:12:46 P.M. org.flywaydb.core.internal.command.DbMigrate doMigrateGroup
INFO: Migrating schema "PUBLIC" to version "1 - Create tables"
Jun. 03, 2023 11:12:46 P.M. org.flywaydb.core.internal.command.DbMigrate doMigrateGroup
INFO: Migrating schema "PUBLIC" to version "2 - Server discovery"
Jun. 03, 2023 11:12:46 P.M. org.flywaydb.core.internal.command.DbMigrate doMigrateGroup
INFO: Migrating schema "PUBLIC" to version "3 - Jar symbols"
Jun. 03, 2023 11:12:46 P.M. org.flywaydb.core.internal.command.DbMigrate doMigrateGroup
INFO: Migrating schema "PUBLIC" to version "4 - Fingerprints"
Jun. 03, 2023 11:12:46 P.M. org.flywaydb.core.internal.command.DbMigrate logSummary
INFO: Successfully applied 4 migrations to schema "PUBLIC", now at version v4 (execution time 00:00.037s)
2023.06.03 23:12:46 INFO  time: initialize in 0.41s
2023.06.03 23:12:48 WARN  Build server is not auto-connectable.
2023.06.03 23:12:48 WARN  no build tool detected in workspace 'H:\workshop\javascript\no_typescript\next-no-pimps'. The most common cause for this problem is that the editor was opened in the wrong working directory, for example if you use sbt then the workspace directory should contain build.sbt. 
2023.06.03 23:12:48 WARN  no build target for: H:\workshop\javascript\no_typescript\next-no-pimps\app\shared\scala_version.scala
2023.06.03 23:12:57 INFO  no build target found for H:\workshop\javascript\no_typescript\next-no-pimps\app\shared\scala_version.scala. Using presentation compiler with project's scala-library version: 3.2.2
Jun. 03, 2023 11:20:09 P.M. org.eclipse.lsp4j.jsonrpc.RemoteEndpoint handleCancellation
WARNING: Unmatched cancel notification for request id 175
2023.06.03 23:20:13 WARN  no build target for: H:\workshop\javascript\no_typescript\next-no-pimps\app\shared\scala_version.scala
Jun. 03, 2023 11:21:21 P.M. org.eclipse.lsp4j.jsonrpc.RemoteEndpoint handleCancellation
WARNING: Unmatched cancel notification for request id 220
Jun. 03, 2023 11:22:46 P.M. org.eclipse.lsp4j.jsonrpc.RemoteEndpoint handleCancellation
WARNING: Unmatched cancel notification for request id 273
2023.06.03 23:22:55 WARN  no build target for: H:\workshop\javascript\no_typescript\next-no-pimps\app\shared\scala_version.scala
Jun. 03, 2023 11:22:57 P.M. org.eclipse.lsp4j.jsonrpc.RemoteEndpoint handleCancellation
WARNING: Unmatched cancel notification for request id 301
2023.06.03 23:23:25 WARN  no build target for: H:\workshop\javascript\no_typescript\next-no-pimps\app\shared\scala_version.scala
2023.06.03 23:23:36 WARN  no build target for: H:\workshop\javascript\no_typescript\next-no-pimps\app\shared\scala_version.scala
2023.06.03 23:24:28 WARN  no build target for: H:\workshop\javascript\no_typescript\next-no-pimps\app\shared\scala_version.scala
2023.06.03 23:55:16 INFO  Shutting down server
2023.06.03 23:55:16 INFO  shutting down Metals
2023.06.03 23:55:16 INFO  Exiting server
2023.06.09 14:09:14 INFO  Started: Metals version 0.11.12 in workspace 'H:\workshop\javascript\no_typescript\next-no-pimps' for client Visual Studio Code 1.79.0.
Jun. 09, 2023 2:09:14 P.M. org.flywaydb.core.internal.license.VersionPrinter printVersionOnly
INFO: Flyway Community Edition 9.16.3 by Redgate
Jun. 09, 2023 2:09:14 P.M. org.flywaydb.core.internal.license.VersionPrinter printVersion
INFO: See release notes here: https://rd.gt/416ObMi
Jun. 09, 2023 2:09:14 P.M. org.flywaydb.core.internal.license.VersionPrinter printVersion
INFO: 
Jun. 09, 2023 2:09:14 P.M. org.flywaydb.core.internal.database.base.BaseDatabaseType createDatabase
INFO: Database: jdbc:h2:file:H:\workshop\javascript\no_typescript\next-no-pimps\.metals\metals (H2 2.1)
Jun. 09, 2023 2:09:14 P.M. org.flywaydb.core.internal.command.DbValidate validate
INFO: Successfully validated 4 migrations (execution time 00:00.016s)
Jun. 09, 2023 2:09:14 P.M. org.flywaydb.core.internal.command.DbMigrate migrateGroup
INFO: Current version of schema "PUBLIC": 4
Jun. 09, 2023 2:09:14 P.M. org.flywaydb.core.internal.command.DbMigrate logSummary
INFO: Schema "PUBLIC" is up to date. No migration necessary.
2023.06.09 14:09:14 INFO  time: initialize in 0.41s
2023.06.09 14:09:16 WARN  Build server is not auto-connectable.
2023.06.09 14:09:16 WARN  no build tool detected in workspace 'H:\workshop\javascript\no_typescript\next-no-pimps'. The most common cause for this problem is that the editor was opened in the wrong working directory, for example if you use sbt then the workspace directory should contain build.sbt. 
2023.06.09 14:09:16 WARN  no build target for: H:\workshop\javascript\no_typescript\next-no-pimps\app\shared\scala_version.scala
2023.06.09 14:09:19 INFO  no build target found for H:\workshop\javascript\no_typescript\next-no-pimps\app\shared\scala_version.scala. Using presentation compiler with project's scala-library version: 3.2.2
2023.06.09 14:09:21 INFO  time: code lens generation in 4.62s
2023.06.09 14:09:21 INFO  time: code lens generation in 1.74s
2023.06.09 14:12:51 INFO  Shutting down server
2023.06.09 14:12:51 INFO  shutting down Metals
2023.06.09 14:12:51 INFO  Exiting server
2023.08.20 21:32:32 INFO  Started: Metals version 1.0.0 in folders 'H:\workshop\javascript\no_typescript\next-no-pimps' for client Visual Studio Code 1.81.1.
Aug. 20, 2023 9:32:32 P.M. org.flywaydb.core.internal.license.VersionPrinter printVersionOnly
INFO: Flyway Community Edition 9.20.1 by Redgate
Aug. 20, 2023 9:32:32 P.M. org.flywaydb.core.internal.license.VersionPrinter printVersion
INFO: See release notes here: https://rd.gt/416ObMi
Aug. 20, 2023 9:32:32 P.M. org.flywaydb.core.internal.license.VersionPrinter printVersion
INFO: 
Aug. 20, 2023 9:32:32 P.M. org.flywaydb.core.internal.database.base.BaseDatabaseType createDatabase
INFO: Database: jdbc:h2:file:H:\workshop\javascript\no_typescript\next-no-pimps\.metals\metals (H2 2.1)
Aug. 20, 2023 9:32:32 P.M. org.flywaydb.core.internal.command.DbValidate validate
INFO: Successfully validated 4 migrations (execution time 00:00.015s)
Aug. 20, 2023 9:32:32 P.M. org.flywaydb.core.internal.command.DbMigrate migrateGroup
INFO: Current version of schema "PUBLIC": 4
Aug. 20, 2023 9:32:32 P.M. org.flywaydb.core.internal.command.DbMigrate logSummary
INFO: Schema "PUBLIC" is up to date. No migration necessary.
2023.08.20 21:32:32 INFO  time: initialize in 0.38s
2023.08.20 21:32:35 INFO  Running List(C:\Users\HAL\AppData\Local\Coursier\data\bin\scala-cli.BAT, setup-ide, H:\workshop\javascript\no_typescript\next-no-pimps)
2023.08.20 21:32:36 INFO  Attempting to connect to the build server...
2023.08.20 21:32:36 INFO  Running BSP server List(C:\Users\HAL\AppData\Local\Coursier\data\bin\.scala-cli.aux.exe, bsp, --json-options, H:\workshop\javascript\no_typescript\next-no-pimps\.scala-build\ide-options-v2.json, H:\workshop\javascript\no_typescript\next-no-pimps)
2023.08.20 21:32:35 WARN  No build session currently active to reload.
2023.08.20 21:32:35 INFO  tracing is disabled for protocol BSP, to enable tracing of incoming and outgoing JSON messages create an empty file at H:\workshop\javascript\no_typescript\next-no-pimps\.metals\bsp.trace.json or C:\Users\HAL\AppData\Local\scalameta\metals\cache\bsp.trace.json
2023.08.20 21:32:37 INFO  BSP server: Starting compilation server
2023.08.20 21:32:37 INFO  BSP server: Downloading https://repo1.maven.org/maven2/io/github/alexarchambault/bleep/bloop-frontend_2.12/1.5.6-sc-8/bloop-frontend_2.12-1.5.6-sc-8.pom
2023.08.20 21:32:37 INFO  BSP server: Downloaded https://repo1.maven.org/maven2/io/github/alexarchambault/bleep/bloop-frontend_2.12/1.5.6-sc-8/bloop-frontend_2.12-1.5.6-sc-8.pom
2023.08.20 21:32:37 INFO  BSP server: Downloading https://repo1.maven.org/maven2/io/github/alexarchambault/libdaemon/libdaemon_2.12/0.0.11/libdaemon_2.12-0.0.11.pom
2023.08.20 21:32:37 INFO  BSP server: Downloading https://repo1.maven.org/maven2/io/github/alexarchambault/bleep/bloop-backend_2.12/1.5.6-sc-8/bloop-backend_2.12-1.5.6-sc-8.pom
2023.08.20 21:32:37 INFO  BSP server: Downloading https://repo1.maven.org/maven2/ch/epfl/scala/scala-debug-adapter_2.12/3.0.7/scala-debug-adapter_2.12-3.0.7.pom
2023.08.20 21:32:37 INFO  BSP server: Downloading https://repo1.maven.org/maven2/ch/qos/logback/logback-classic/1.4.6/logback-classic-1.4.6.pom
2023.08.20 21:32:37 INFO  BSP server: Downloading https://repo1.maven.org/maven2/ch/epfl/scala/bloop-config_2.12/1.5.5/bloop-config_2.12-1.5.5.pom
2023.08.20 21:32:37 INFO  BSP server: Downloading https://repo1.maven.org/maven2/com/github/alexarchambault/case-app_2.12/2.0.6/case-app_2.12-2.0.6.pom
2023.08.20 21:32:37 INFO  BSP server: Downloaded https://repo1.maven.org/maven2/io/github/alexarchambault/libdaemon/libdaemon_2.12/0.0.11/libdaemon_2.12-0.0.11.pom
2023.08.20 21:32:37 INFO  BSP server: Downloaded https://repo1.maven.org/maven2/io/github/alexarchambault/bleep/bloop-backend_2.12/1.5.6-sc-8/bloop-backend_2.12-1.5.6-sc-8.pom
2023.08.20 21:32:37 INFO  BSP server: Downloaded https://repo1.maven.org/maven2/ch/epfl/scala/bloop-config_2.12/1.5.5/bloop-config_2.12-1.5.5.pom
2023.08.20 21:32:37 INFO  BSP server: Downloaded https://repo1.maven.org/maven2/ch/epfl/scala/scala-debug-adapter_2.12/3.0.7/scala-debug-adapter_2.12-3.0.7.pom
2023.08.20 21:32:37 INFO  BSP server: Downloaded https://repo1.maven.org/maven2/ch/qos/logback/logback-classic/1.4.6/logback-classic-1.4.6.pom
2023.08.20 21:32:37 INFO  BSP server: Downloaded https://repo1.maven.org/maven2/com/github/alexarchambault/case-app_2.12/2.0.6/case-app_2.12-2.0.6.pom
2023.08.20 21:32:37 INFO  BSP server: Downloading https://repo1.maven.org/maven2/ch/qos/logback/logback-parent/1.4.6/logback-parent-1.4.6.pom
2023.08.20 21:32:37 INFO  BSP server: Downloaded https://repo1.maven.org/maven2/ch/qos/logback/logback-parent/1.4.6/logback-parent-1.4.6.pom
2023.08.20 21:32:37 INFO  BSP server: Downloading https://repo1.maven.org/maven2/org/ow2/asm/asm-util/9.5/asm-util-9.5.pom
2023.08.20 21:32:37 INFO  BSP server: Downloading https://repo1.maven.org/maven2/org/ow2/asm/asm/9.5/asm-9.5.pom
2023.08.20 21:32:37 INFO  BSP server: Downloading https://repo1.maven.org/maven2/org/zeroturnaround/zt-zip/1.15/zt-zip-1.15.pom
2023.08.20 21:32:37 INFO  BSP server: Downloading https://repo1.maven.org/maven2/io/zipkin/brave/brave/5.15.0/brave-5.15.0.pom
2023.08.20 21:32:37 INFO  BSP server: Downloading https://repo1.maven.org/maven2/io/monix/monix_2.12/3.2.0/monix_2.12-3.2.0.pom
2023.08.20 21:32:37 INFO  BSP server: Downloading https://repo1.maven.org/maven2/com/github/alexarchambault/case-app-util_2.12/2.0.6/case-app-util_2.12-2.0.6.pom
2023.08.20 21:32:37 INFO  BSP server: Downloaded https://repo1.maven.org/maven2/org/ow2/asm/asm-util/9.5/asm-util-9.5.pom
2023.08.20 21:32:37 INFO  BSP server: Downloading https://repo1.maven.org/maven2/ch/qos/logback/logback-core/1.4.6/logback-core-1.4.6.pom
2023.08.20 21:32:37 INFO  BSP server: Downloaded https://repo1.maven.org/maven2/org/ow2/asm/asm/9.5/asm-9.5.pom
2023.08.20 21:32:37 INFO  BSP server: Downloading https://repo1.maven.org/maven2/io/github/alexarchambault/bleep/bloop-shared_2.12/1.5.6-sc-8/bloop-shared_2.12-1.5.6-sc-8.pom
2023.08.20 21:32:37 INFO  BSP server: Downloaded https://repo1.maven.org/maven2/io/zipkin/brave/brave/5.15.0/brave-5.15.0.pom
2023.08.20 21:32:37 INFO  BSP server: Downloading https://repo1.maven.org/maven2/org/scalaz/scalaz-core_2.12/7.3.7/scalaz-core_2.12-7.3.7.pom
2023.08.20 21:32:37 INFO  BSP server: Downloaded https://repo1.maven.org/maven2/org/zeroturnaround/zt-zip/1.15/zt-zip-1.15.pom
2023.08.20 21:32:37 INFO  BSP server: Downloading https://repo1.maven.org/maven2/com/lihaoyi/pprint_2.12/0.8.1/pprint_2.12-0.8.1.pom
2023.08.20 21:32:37 INFO  BSP server: Downloaded https://repo1.maven.org/maven2/com/github/alexarchambault/case-app-util_2.12/2.0.6/case-app-util_2.12-2.0.6.pom
2023.08.20 21:32:37 INFO  BSP server: Downloading https://repo1.maven.org/maven2/com/github/plokhotnyuk/jsoniter-scala/jsoniter-scala-core_2.12/2.4.0/jsoniter-scala-core_2.12-2.4.0.pom
2023.08.20 21:32:37 INFO  BSP server: Downloaded https://repo1.maven.org/maven2/ch/qos/logback/logback-core/1.4.6/logback-core-1.4.6.pom
2023.08.20 21:32:37 INFO  BSP server: Downloading https://repo1.maven.org/maven2/org/slf4j/slf4j-api/2.0.4/slf4j-api-2.0.4.pom
2023.08.20 21:32:37 INFO  BSP server: Downloaded https://repo1.maven.org/maven2/io/github/alexarchambault/bleep/bloop-shared_2.12/1.5.6-sc-8/bloop-shared_2.12-1.5.6-sc-8.pom
2023.08.20 21:32:37 INFO  BSP server: Downloading https://repo1.maven.org/maven2/io/github/alexarchambault/bleep/nailgun-server/1.0.7/nailgun-server-1.0.7.pom
2023.08.20 21:32:37 INFO  BSP server: Downloaded https://repo1.maven.org/maven2/com/lihaoyi/pprint_2.12/0.8.1/pprint_2.12-0.8.1.pom
2023.08.20 21:32:37 INFO  BSP server: Downloaded https://repo1.maven.org/maven2/org/scalaz/scalaz-core_2.12/7.3.7/scalaz-core_2.12-7.3.7.pom
2023.08.20 21:32:37 INFO  BSP server: Downloading https://repo1.maven.org/maven2/com/github/alexarchambault/case-app-annotations_2.12/2.0.6/case-app-annotations_2.12-2.0.6.pom
2023.08.20 21:32:37 INFO  BSP server: Downloading https://repo1.maven.org/maven2/ch/epfl/scala/com-microsoft-java-debug-core/0.34.0+12/com-microsoft-java-debug-core-0.34.0+12.pom
2023.08.20 21:32:37 INFO  BSP server: Downloaded https://repo1.maven.org/maven2/io/monix/monix_2.12/3.2.0/monix_2.12-3.2.0.pom
2023.08.20 21:32:37 INFO  BSP server: Downloaded https://repo1.maven.org/maven2/com/github/plokhotnyuk/jsoniter-scala/jsoniter-scala-core_2.12/2.4.0/jsoniter-scala-core_2.12-2.4.0.pom
2023.08.20 21:32:37 INFO  BSP server: Downloading https://repo1.maven.org/maven2/io/zipkin/reporter2/zipkin-sender-urlconnection/2.16.3/zipkin-sender-urlconnection-2.16.3.pom
2023.08.20 21:32:37 INFO  BSP server: Downloaded https://repo1.maven.org/maven2/org/slf4j/slf4j-api/2.0.4/slf4j-api-2.0.4.pom
2023.08.20 21:32:37 INFO  BSP server: Downloaded https://repo1.maven.org/maven2/io/github/alexarchambault/bleep/nailgun-server/1.0.7/nailgun-server-1.0.7.pom
2023.08.20 21:32:37 INFO  BSP server: Downloaded https://repo1.maven.org/maven2/com/github/alexarchambault/case-app-annotations_2.12/2.0.6/case-app-annotations_2.12-2.0.6.pom
2023.08.20 21:32:37 INFO  BSP server: Downloaded https://repo1.maven.org/maven2/ch/epfl/scala/com-microsoft-java-debug-core/0.34.0+12/com-microsoft-java-debug-core-0.34.0+12.pom
2023.08.20 21:32:37 INFO  BSP server: Downloaded https://repo1.maven.org/maven2/io/zipkin/reporter2/zipkin-sender-urlconnection/2.16.3/zipkin-sender-urlconnection-2.16.3.pom
2023.08.20 21:32:37 INFO  BSP server: Downloading https://repo1.maven.org/maven2/org/slf4j/slf4j-parent/2.0.4/slf4j-parent-2.0.4.pom
2023.08.20 21:32:37 INFO  BSP server: Downloading https://repo1.maven.org/maven2/org/ow2/ow2/1.5.1/ow2-1.5.1.pom
2023.08.20 21:32:37 INFO  BSP server: Downloading https://repo1.maven.org/maven2/io/zipkin/reporter2/zipkin-reporter-parent/2.16.3/zipkin-reporter-parent-2.16.3.pom
2023.08.20 21:32:37 INFO  BSP server: Downloading https://repo1.maven.org/maven2/io/zipkin/brave/brave-parent/5.15.0/brave-parent-5.15.0.pom
2023.08.20 21:32:37 INFO  BSP server: Downloaded https://repo1.maven.org/maven2/org/ow2/ow2/1.5.1/ow2-1.5.1.pom
2023.08.20 21:32:37 INFO  BSP server: Downloaded https://repo1.maven.org/maven2/org/slf4j/slf4j-parent/2.0.4/slf4j-parent-2.0.4.pom
2023.08.20 21:32:37 INFO  BSP server: Downloaded https://repo1.maven.org/maven2/io/zipkin/reporter2/zipkin-reporter-parent/2.16.3/zipkin-reporter-parent-2.16.3.pom
2023.08.20 21:32:37 INFO  BSP server: Downloaded https://repo1.maven.org/maven2/io/zipkin/brave/brave-parent/5.15.0/brave-parent-5.15.0.pom
2023.08.20 21:32:37 INFO  BSP server: Downloading https://repo1.maven.org/maven2/io/monix/monix-eval_2.12/3.2.0/monix-eval_2.12-3.2.0.pom
2023.08.20 21:32:37 INFO  BSP server: Downloading https://repo1.maven.org/maven2/ch/epfl/scala/bsp4s_2.12/2.1.0-M3/bsp4s_2.12-2.1.0-M3.pom
2023.08.20 21:32:37 INFO  BSP server: Downloading https://repo1.maven.org/maven2/io/zipkin/reporter2/zipkin-reporter-brave/2.16.3/zipkin-reporter-brave-2.16.3.pom
2023.08.20 21:32:37 INFO  BSP server: Downloading https://repo1.maven.org/maven2/org/ow2/asm/asm-analysis/9.5/asm-analysis-9.5.pom
2023.08.20 21:32:37 INFO  BSP server: Downloading https://repo1.maven.org/maven2/io/get-coursier/interface/1.0.13/interface-1.0.13.pom
2023.08.20 21:32:37 INFO  BSP server: Downloading https://repo1.maven.org/maven2/io/reactivex/rxjava2/rxjava/2.2.21/rxjava-2.2.21.pom
2023.08.20 21:32:37 INFO  BSP server: Downloaded https://repo1.maven.org/maven2/org/ow2/asm/asm-analysis/9.5/asm-analysis-9.5.pom
2023.08.20 21:32:37 INFO  BSP server: Downloading https://repo1.maven.org/maven2/org/apache/commons/commons-lang3/3.12.0/commons-lang3-3.12.0.pom
2023.08.20 21:32:37 INFO  BSP server: Downloaded https://repo1.maven.org/maven2/io/get-coursier/interface/1.0.13/interface-1.0.13.pom
2023.08.20 21:32:37 INFO  BSP server: Downloading https://repo1.maven.org/maven2/io/monix/monix-catnap_2.12/3.2.0/monix-catnap_2.12-3.2.0.pom
2023.08.20 21:32:37 INFO  BSP server: Downloaded https://repo1.maven.org/maven2/io/monix/monix-eval_2.12/3.2.0/monix-eval_2.12-3.2.0.pom
2023.08.20 21:32:37 INFO  BSP server: Downloading https://repo1.maven.org/maven2/io/zipkin/reporter2/zipkin-reporter/2.16.3/zipkin-reporter-2.16.3.pom
2023.08.20 21:32:37 INFO  BSP server: Downloaded https://repo1.maven.org/maven2/ch/epfl/scala/bsp4s_2.12/2.1.0-M3/bsp4s_2.12-2.1.0-M3.pom
2023.08.20 21:32:37 INFO  BSP server: Downloading https://repo1.maven.org/maven2/com/github/plokhotnyuk/jsoniter-scala/jsoniter-scala-core_2.12/2.13.3.2/jsoniter-scala-core_2.12-2.13.3.2.pom
2023.08.20 21:32:37 INFO  BSP server: Downloaded https://repo1.maven.org/maven2/io/zipkin/reporter2/zipkin-reporter-brave/2.16.3/zipkin-reporter-brave-2.16.3.pom
2023.08.20 21:32:37 INFO  BSP server: Downloading https://repo1.maven.org/maven2/net/java/dev/jna/jna-platform/4.4.0/jna-platform-4.4.0.pom
2023.08.20 21:32:37 INFO  BSP server: Downloaded https://repo1.maven.org/maven2/org/apache/commons/commons-lang3/3.12.0/commons-lang3-3.12.0.pom
2023.08.20 21:32:37 INFO  BSP server: Downloading https://repo1.maven.org/maven2/org/reactivestreams/reactive-streams/1.0.4/reactive-streams-1.0.4.pom
2023.08.20 21:32:37 INFO  BSP server: Downloaded https://repo1.maven.org/maven2/io/reactivex/rxjava2/rxjava/2.2.21/rxjava-2.2.21.pom
2023.08.20 21:32:37 INFO  BSP server: Downloading https://repo1.maven.org/maven2/io/monix/monix-execution_2.12/3.2.0/monix-execution_2.12-3.2.0.pom
2023.08.20 21:32:37 INFO  BSP server: Downloaded https://repo1.maven.org/maven2/io/zipkin/reporter2/zipkin-reporter/2.16.3/zipkin-reporter-2.16.3.pom
2023.08.20 21:32:37 INFO  BSP server: Downloading https://repo1.maven.org/maven2/io/monix/monix-tail_2.12/3.2.0/monix-tail_2.12-3.2.0.pom
2023.08.20 21:32:37 INFO  BSP server: Downloaded https://repo1.maven.org/maven2/net/java/dev/jna/jna-platform/4.4.0/jna-platform-4.4.0.pom
2023.08.20 21:32:37 INFO  BSP server: Downloaded https://repo1.maven.org/maven2/com/github/plokhotnyuk/jsoniter-scala/jsoniter-scala-core_2.12/2.13.3.2/jsoniter-scala-core_2.12-2.13.3.2.pom
2023.08.20 21:32:37 INFO  BSP server: Downloading https://repo1.maven.org/maven2/org/ow2/asm/asm-tree/9.5/asm-tree-9.5.pom
2023.08.20 21:32:37 INFO  BSP server: Downloaded https://repo1.maven.org/maven2/io/monix/monix-catnap_2.12/3.2.0/monix-catnap_2.12-3.2.0.pom
2023.08.20 21:32:37 INFO  BSP server: Downloading https://repo1.maven.org/maven2/org/apache/logging/log4j/log4j-core/2.20.0/log4j-core-2.20.0.pom
2023.08.20 21:32:37 INFO  BSP server: Downloading https://repo1.maven.org/maven2/io/monix/monix-reactive_2.12/3.2.0/monix-reactive_2.12-3.2.0.pom
2023.08.20 21:32:37 INFO  BSP server: Downloaded https://repo1.maven.org/maven2/org/reactivestreams/reactive-streams/1.0.4/reactive-streams-1.0.4.pom
2023.08.20 21:32:37 INFO  BSP server: Downloading https://repo1.maven.org/maven2/io/monix/monix-java_2.12/3.2.0/monix-java_2.12-3.2.0.pom
2023.08.20 21:32:37 INFO  BSP server: Downloaded https://repo1.maven.org/maven2/io/monix/monix-execution_2.12/3.2.0/monix-execution_2.12-3.2.0.pom
2023.08.20 21:32:37 INFO  BSP server: Downloaded https://repo1.maven.org/maven2/io/monix/monix-tail_2.12/3.2.0/monix-tail_2.12-3.2.0.pom
2023.08.20 21:32:37 INFO  BSP server: Downloaded https://repo1.maven.org/maven2/org/apache/logging/log4j/log4j-core/2.20.0/log4j-core-2.20.0.pom
2023.08.20 21:32:37 INFO  BSP server: Downloaded https://repo1.maven.org/maven2/org/ow2/asm/asm-tree/9.5/asm-tree-9.5.pom
2023.08.20 21:32:37 INFO  BSP server: Downloading https://repo1.maven.org/maven2/com/lihaoyi/fansi_2.12/0.4.0/fansi_2.12-0.4.0.pom
2023.08.20 21:32:37 INFO  BSP server: Downloaded https://repo1.maven.org/maven2/io/monix/monix-reactive_2.12/3.2.0/monix-reactive_2.12-3.2.0.pom
2023.08.20 21:32:37 INFO  BSP server: Downloaded https://repo1.maven.org/maven2/io/monix/monix-java_2.12/3.2.0/monix-java_2.12-3.2.0.pom
2023.08.20 21:32:37 INFO  BSP server: Downloaded https://repo1.maven.org/maven2/com/lihaoyi/fansi_2.12/0.4.0/fansi_2.12-0.4.0.pom
2023.08.20 21:32:37 INFO  BSP server: Downloading https://repo1.maven.org/maven2/org/apache/logging/log4j/log4j/2.20.0/log4j-2.20.0.pom
2023.08.20 21:32:37 INFO  BSP server: Downloaded https://repo1.maven.org/maven2/org/apache/logging/log4j/log4j/2.20.0/log4j-2.20.0.pom
2023.08.20 21:32:37 INFO  BSP server: Downloading https://repo1.maven.org/maven2/org/apache/logging/logging-parent/7/logging-parent-7.pom
2023.08.20 21:32:37 INFO  BSP server: Downloaded https://repo1.maven.org/maven2/org/apache/logging/logging-parent/7/logging-parent-7.pom
2023.08.20 21:32:37 INFO  BSP server: Downloading https://repo1.maven.org/maven2/org/apache/apache/27/apache-27.pom
2023.08.20 21:32:37 INFO  BSP server: Downloaded https://repo1.maven.org/maven2/org/apache/apache/27/apache-27.pom
2023.08.20 21:32:37 INFO  BSP server: Downloading https://repo1.maven.org/maven2/org/springframework/spring-framework-bom/5.3.24/spring-framework-bom-5.3.24.pom
2023.08.20 21:32:37 INFO  BSP server: Downloading https://repo1.maven.org/maven2/jakarta/platform/jakarta.jakartaee-bom/9.0.0/jakarta.jakartaee-bom-9.0.0.pom
2023.08.20 21:32:37 INFO  BSP server: Downloading https://repo1.maven.org/maven2/io/netty/netty-bom/4.1.86.Final/netty-bom-4.1.86.Final.pom
2023.08.20 21:32:37 INFO  BSP server: Downloading https://repo1.maven.org/maven2/com/fasterxml/jackson/jackson-bom/2.14.1/jackson-bom-2.14.1.pom
2023.08.20 21:32:37 INFO  BSP server: Downloading https://repo1.maven.org/maven2/org/apache/logging/log4j/log4j-bom/2.20.0/log4j-bom-2.20.0.pom
2023.08.20 21:32:37 INFO  BSP server: Downloading https://repo1.maven.org/maven2/io/fabric8/kubernetes-client-bom/5.12.2/kubernetes-client-bom-5.12.2.pom
2023.08.20 21:32:37 INFO  BSP server: Downloaded https://repo1.maven.org/maven2/org/apache/logging/log4j/log4j-bom/2.20.0/log4j-bom-2.20.0.pom
2023.08.20 21:32:37 INFO  BSP server: Downloading https://repo1.maven.org/maven2/org/codehaus/groovy/groovy-bom/3.0.14/groovy-bom-3.0.14.pom
2023.08.20 21:32:37 INFO  BSP server: Downloaded https://repo1.maven.org/maven2/com/fasterxml/jackson/jackson-bom/2.14.1/jackson-bom-2.14.1.pom
2023.08.20 21:32:37 INFO  BSP server: Downloading https://repo1.maven.org/maven2/org/eclipse/jetty/jetty-bom/9.4.50.v20221201/jetty-bom-9.4.50.v20221201.pom
2023.08.20 21:32:37 INFO  BSP server: Downloaded https://repo1.maven.org/maven2/org/springframework/spring-framework-bom/5.3.24/spring-framework-bom-5.3.24.pom
2023.08.20 21:32:37 INFO  BSP server: Downloaded https://repo1.maven.org/maven2/jakarta/platform/jakarta.jakartaee-bom/9.0.0/jakarta.jakartaee-bom-9.0.0.pom
2023.08.20 21:32:37 INFO  BSP server: Downloaded https://repo1.maven.org/maven2/io/netty/netty-bom/4.1.86.Final/netty-bom-4.1.86.Final.pom
2023.08.20 21:32:37 INFO  BSP server: Downloaded https://repo1.maven.org/maven2/org/codehaus/groovy/groovy-bom/3.0.14/groovy-bom-3.0.14.pom
2023.08.20 21:32:37 INFO  BSP server: Downloaded https://repo1.maven.org/maven2/org/eclipse/jetty/jetty-bom/9.4.50.v20221201/jetty-bom-9.4.50.v20221201.pom
2023.08.20 21:32:37 INFO  BSP server: Downloaded https://repo1.maven.org/maven2/io/fabric8/kubernetes-client-bom/5.12.2/kubernetes-client-bom-5.12.2.pom
2023.08.20 21:32:37 INFO  BSP server: Downloading https://repo1.maven.org/maven2/jakarta/platform/jakartaee-api-parent/9.0.0/jakartaee-api-parent-9.0.0.pom
2023.08.20 21:32:37 INFO  BSP server: Downloaded https://repo1.maven.org/maven2/jakarta/platform/jakartaee-api-parent/9.0.0/jakartaee-api-parent-9.0.0.pom
2023.08.20 21:32:38 INFO  BSP server: Downloading https://repo1.maven.org/maven2/org/eclipse/ee4j/project/1.0.6/project-1.0.6.pom
2023.08.20 21:32:38 INFO  BSP server: Downloaded https://repo1.maven.org/maven2/org/eclipse/ee4j/project/1.0.6/project-1.0.6.pom
2023.08.20 21:32:38 INFO  BSP server: Downloading https://repo1.maven.org/maven2/org/junit/junit-bom/5.7.1/junit-bom-5.7.1.pom
2023.08.20 21:32:38 INFO  BSP server: Downloaded https://repo1.maven.org/maven2/org/junit/junit-bom/5.7.1/junit-bom-5.7.1.pom
2023.08.20 21:32:38 INFO  BSP server: Downloading https://repo1.maven.org/maven2/io/zipkin/zipkin2/zipkin/2.23.2/zipkin-2.23.2.pom
2023.08.20 21:32:38 INFO  BSP server: Downloading https://repo1.maven.org/maven2/org/jctools/jctools-core/2.1.2/jctools-core-2.1.2.pom
2023.08.20 21:32:38 INFO  BSP server: Downloading https://repo1.maven.org/maven2/io/monix/implicitbox_2.12/0.2.0/implicitbox_2.12-0.2.0.pom
2023.08.20 21:32:38 INFO  BSP server: Downloading https://repo1.maven.org/maven2/me/vican/jorge/jsonrpc4s_2.12/0.1.0/jsonrpc4s_2.12-0.1.0.pom
2023.08.20 21:32:38 INFO  BSP server: Downloading https://repo1.maven.org/maven2/org/typelevel/cats-effect_2.12/2.1.3/cats-effect_2.12-2.1.3.pom
2023.08.20 21:32:38 INFO  BSP server: Downloading https://repo1.maven.org/maven2/org/apache/logging/log4j/log4j-api/2.20.0/log4j-api-2.20.0.pom
2023.08.20 21:32:38 INFO  BSP server: Downloaded https://repo1.maven.org/maven2/org/jctools/jctools-core/2.1.2/jctools-core-2.1.2.pom
2023.08.20 21:32:38 INFO  BSP server: Downloaded https://repo1.maven.org/maven2/io/zipkin/zipkin2/zipkin/2.23.2/zipkin-2.23.2.pom
2023.08.20 21:32:38 INFO  BSP server: Downloaded https://repo1.maven.org/maven2/io/monix/implicitbox_2.12/0.2.0/implicitbox_2.12-0.2.0.pom
2023.08.20 21:32:38 INFO  BSP server: Downloaded https://repo1.maven.org/maven2/me/vican/jorge/jsonrpc4s_2.12/0.1.0/jsonrpc4s_2.12-0.1.0.pom
2023.08.20 21:32:38 INFO  BSP server: Downloaded https://repo1.maven.org/maven2/org/typelevel/cats-effect_2.12/2.1.3/cats-effect_2.12-2.1.3.pom
2023.08.20 21:32:38 INFO  BSP server: Downloaded https://repo1.maven.org/maven2/org/apache/logging/log4j/log4j-api/2.20.0/log4j-api-2.20.0.pom
2023.08.20 21:32:38 INFO  BSP server: Downloading https://repo1.maven.org/maven2/io/zipkin/zipkin-parent/2.23.2/zipkin-parent-2.23.2.pom
2023.08.20 21:32:38 INFO  BSP server: Downloaded https://repo1.maven.org/maven2/io/zipkin/zipkin-parent/2.23.2/zipkin-parent-2.23.2.pom
2023.08.20 21:32:38 INFO  BSP server: Downloading https://repo1.maven.org/maven2/org/typelevel/cats-core_2.12/2.1.1/cats-core_2.12-2.1.1.pom
2023.08.20 21:32:38 INFO  BSP server: Downloaded https://repo1.maven.org/maven2/org/typelevel/cats-core_2.12/2.1.1/cats-core_2.12-2.1.1.pom
2023.08.20 21:32:38 INFO  BSP server: Downloading https://repo1.maven.org/maven2/org/typelevel/cats-kernel_2.12/2.1.1/cats-kernel_2.12-2.1.1.pom
2023.08.20 21:32:38 INFO  BSP server: Downloading https://repo1.maven.org/maven2/org/typelevel/cats-macros_2.12/2.1.1/cats-macros_2.12-2.1.1.pom
2023.08.20 21:32:38 INFO  BSP server: Downloaded https://repo1.maven.org/maven2/org/typelevel/cats-kernel_2.12/2.1.1/cats-kernel_2.12-2.1.1.pom
2023.08.20 21:32:38 INFO  BSP server: Downloaded https://repo1.maven.org/maven2/org/typelevel/cats-macros_2.12/2.1.1/cats-macros_2.12-2.1.1.pom
2023.08.20 21:32:38 INFO  BSP server: Downloading https://repo1.maven.org/maven2/org/typelevel/cats-macros_2.12/2.1.1/cats-macros_2.12-2.1.1.jar
2023.08.20 21:32:38 INFO  BSP server: Downloading https://repo1.maven.org/maven2/org/ow2/asm/asm-tree/9.5/asm-tree-9.5.jar
2023.08.20 21:32:38 INFO  BSP server: Downloading https://repo1.maven.org/maven2/org/apache/logging/log4j/log4j-api/2.20.0/log4j-api-2.20.0.jar
2023.08.20 21:32:38 INFO  BSP server: Downloading https://repo1.maven.org/maven2/io/zipkin/reporter2/zipkin-reporter/2.16.3/zipkin-reporter-2.16.3.jar
2023.08.20 21:32:38 INFO  BSP server: Downloading https://repo1.maven.org/maven2/org/ow2/asm/asm-util/9.5/asm-util-9.5.jar
2023.08.20 21:32:38 INFO  BSP server: Downloaded https://repo1.maven.org/maven2/org/typelevel/cats-macros_2.12/2.1.1/cats-macros_2.12-2.1.1.jar
2023.08.20 21:32:38 INFO  BSP server: Downloading https://repo1.maven.org/maven2/org/typelevel/cats-core_2.12/2.1.1/cats-core_2.12-2.1.1.jar
2023.08.20 21:32:38 INFO  BSP server: Downloaded https://repo1.maven.org/maven2/org/ow2/asm/asm-tree/9.5/asm-tree-9.5.jar
2023.08.20 21:32:38 INFO  BSP server: Downloading https://repo1.maven.org/maven2/org/zeroturnaround/zt-zip/1.15/zt-zip-1.15.jar
2023.08.20 21:32:38 INFO  BSP server: Downloading https://repo1.maven.org/maven2/io/zipkin/zipkin2/zipkin/2.23.2/zipkin-2.23.2.jar
2023.08.20 21:32:38 INFO  BSP server: Downloaded https://repo1.maven.org/maven2/io/zipkin/reporter2/zipkin-reporter/2.16.3/zipkin-reporter-2.16.3.jar
2023.08.20 21:32:38 INFO  BSP server: Downloading https://repo1.maven.org/maven2/io/reactivex/rxjava2/rxjava/2.2.21/rxjava-2.2.21.jar
2023.08.20 21:32:38 INFO  BSP server: Downloaded https://repo1.maven.org/maven2/org/ow2/asm/asm-util/9.5/asm-util-9.5.jar
2023.08.20 21:32:38 INFO  BSP server: Downloading https://repo1.maven.org/maven2/org/apache/commons/commons-lang3/3.12.0/commons-lang3-3.12.0.jar
2023.08.20 21:32:38 INFO  BSP server: Downloaded https://repo1.maven.org/maven2/org/apache/logging/log4j/log4j-api/2.20.0/log4j-api-2.20.0.jar
2023.08.20 21:32:38 INFO  BSP server: Downloading https://repo1.maven.org/maven2/io/monix/monix-tail_2.12/3.2.0/monix-tail_2.12-3.2.0.jar
2023.08.20 21:32:39 INFO  BSP server: Downloaded https://repo1.maven.org/maven2/org/zeroturnaround/zt-zip/1.15/zt-zip-1.15.jar
2023.08.20 21:32:39 INFO  BSP server: Downloading https://repo1.maven.org/maven2/ch/epfl/scala/bloop-config_2.12/1.5.5/bloop-config_2.12-1.5.5.jar
2023.08.20 21:32:39 INFO  BSP server: Downloaded https://repo1.maven.org/maven2/io/monix/monix-tail_2.12/3.2.0/monix-tail_2.12-3.2.0.jar
2023.08.20 21:32:39 INFO  BSP server: Downloading https://repo1.maven.org/maven2/io/monix/monix-reactive_2.12/3.2.0/monix-reactive_2.12-3.2.0.jar
2023.08.20 21:32:39 INFO  BSP server: Downloaded https://repo1.maven.org/maven2/org/apache/commons/commons-lang3/3.12.0/commons-lang3-3.12.0.jar
2023.08.20 21:32:39 INFO  BSP server: Downloading https://repo1.maven.org/maven2/com/lihaoyi/pprint_2.12/0.8.1/pprint_2.12-0.8.1.jar
2023.08.20 21:32:39 INFO  BSP server: Downloaded https://repo1.maven.org/maven2/ch/epfl/scala/bloop-config_2.12/1.5.5/bloop-config_2.12-1.5.5.jar
2023.08.20 21:32:39 INFO  BSP server: Downloading https://repo1.maven.org/maven2/com/lihaoyi/fansi_2.12/0.4.0/fansi_2.12-0.4.0.jar
2023.08.20 21:32:39 INFO  BSP server: Downloaded https://repo1.maven.org/maven2/io/zipkin/zipkin2/zipkin/2.23.2/zipkin-2.23.2.jar
2023.08.20 21:32:39 INFO  BSP server: Downloading https://repo1.maven.org/maven2/org/jctools/jctools-core/2.1.2/jctools-core-2.1.2.jar
2023.08.20 21:32:39 INFO  BSP server: Downloaded https://repo1.maven.org/maven2/io/monix/monix-reactive_2.12/3.2.0/monix-reactive_2.12-3.2.0.jar
2023.08.20 21:32:39 INFO  BSP server: Downloading https://repo1.maven.org/maven2/org/typelevel/cats-kernel_2.12/2.1.1/cats-kernel_2.12-2.1.1.jar
2023.08.20 21:32:40 INFO  BSP server: Downloaded https://repo1.maven.org/maven2/com/lihaoyi/fansi_2.12/0.4.0/fansi_2.12-0.4.0.jar
2023.08.20 21:32:40 INFO  BSP server: Downloading https://repo1.maven.org/maven2/io/monix/monix-eval_2.12/3.2.0/monix-eval_2.12-3.2.0.jar
2023.08.20 21:32:40 INFO  BSP server: Downloaded https://repo1.maven.org/maven2/com/lihaoyi/pprint_2.12/0.8.1/pprint_2.12-0.8.1.jar
2023.08.20 21:32:40 INFO  BSP server: Downloading https://repo1.maven.org/maven2/io/zipkin/reporter2/zipkin-reporter-brave/2.16.3/zipkin-reporter-brave-2.16.3.jar
2023.08.20 21:32:40 INFO  BSP server: Downloaded https://repo1.maven.org/maven2/io/monix/monix-eval_2.12/3.2.0/monix-eval_2.12-3.2.0.jar
2023.08.20 21:32:40 INFO  BSP server: Downloading https://repo1.maven.org/maven2/ch/epfl/scala/scala-debug-adapter_2.12/3.0.7/scala-debug-adapter_2.12-3.0.7.jar
2023.08.20 21:32:40 INFO  BSP server: Downloaded https://repo1.maven.org/maven2/org/jctools/jctools-core/2.1.2/jctools-core-2.1.2.jar
2023.08.20 21:32:40 INFO  BSP server: Downloading https://repo1.maven.org/maven2/io/monix/monix_2.12/3.2.0/monix_2.12-3.2.0.jar
2023.08.20 21:32:42 INFO  BSP server: Downloaded https://repo1.maven.org/maven2/io/reactivex/rxjava2/rxjava/2.2.21/rxjava-2.2.21.jar
2023.08.20 21:32:42 INFO  BSP server: Downloading https://repo1.maven.org/maven2/com/github/alexarchambault/case-app_2.12/2.0.6/case-app_2.12-2.0.6.jar
2023.08.20 21:32:42 INFO  BSP server: Downloaded https://repo1.maven.org/maven2/org/typelevel/cats-kernel_2.12/2.1.1/cats-kernel_2.12-2.1.1.jar
2023.08.20 21:32:42 INFO  BSP server: Downloading https://repo1.maven.org/maven2/org/ow2/asm/asm-analysis/9.5/asm-analysis-9.5.jar
2023.08.20 21:32:42 INFO  BSP server: Downloaded https://repo1.maven.org/maven2/io/monix/monix_2.12/3.2.0/monix_2.12-3.2.0.jar
2023.08.20 21:32:42 INFO  BSP server: Downloading https://repo1.maven.org/maven2/com/github/alexarchambault/case-app-annotations_2.12/2.0.6/case-app-annotations_2.12-2.0.6.jar
2023.08.20 21:32:42 INFO  BSP server: Downloaded https://repo1.maven.org/maven2/io/zipkin/reporter2/zipkin-reporter-brave/2.16.3/zipkin-reporter-brave-2.16.3.jar
2023.08.20 21:32:42 INFO  BSP server: Downloading https://repo1.maven.org/maven2/com/github/alexarchambault/case-app-util_2.12/2.0.6/case-app-util_2.12-2.0.6.jar
2023.08.20 21:32:42 INFO  BSP server: Downloaded https://repo1.maven.org/maven2/org/ow2/asm/asm-analysis/9.5/asm-analysis-9.5.jar
2023.08.20 21:32:42 INFO  BSP server: Downloading https://repo1.maven.org/maven2/org/ow2/asm/asm/9.5/asm-9.5.jar
2023.08.20 21:32:42 INFO  BSP server: Downloaded https://repo1.maven.org/maven2/com/github/alexarchambault/case-app_2.12/2.0.6/case-app_2.12-2.0.6.jar
2023.08.20 21:32:42 INFO  BSP server: Downloading https://repo1.maven.org/maven2/io/zipkin/brave/brave/5.15.0/brave-5.15.0.jar
2023.08.20 21:32:42 INFO  BSP server: Downloaded https://repo1.maven.org/maven2/ch/epfl/scala/scala-debug-adapter_2.12/3.0.7/scala-debug-adapter_2.12-3.0.7.jar
2023.08.20 21:32:42 INFO  BSP server: Downloading https://repo1.maven.org/maven2/io/github/alexarchambault/bleep/nailgun-server/1.0.7/nailgun-server-1.0.7.jar
2023.08.20 21:32:42 INFO  BSP server: Downloaded https://repo1.maven.org/maven2/com/github/alexarchambault/case-app-util_2.12/2.0.6/case-app-util_2.12-2.0.6.jar
2023.08.20 21:32:42 INFO  BSP server: Downloading https://repo1.maven.org/maven2/org/apache/logging/log4j/log4j-core/2.20.0/log4j-core-2.20.0.jar
2023.08.20 21:32:42 INFO  BSP server: Downloaded https://repo1.maven.org/maven2/io/github/alexarchambault/bleep/nailgun-server/1.0.7/nailgun-server-1.0.7.jar
2023.08.20 21:32:42 INFO  BSP server: Downloading https://repo1.maven.org/maven2/io/github/alexarchambault/bleep/bloop-frontend_2.12/1.5.6-sc-8/bloop-frontend_2.12-1.5.6-sc-8.jar
2023.08.20 21:32:42 INFO  BSP server: Downloaded https://repo1.maven.org/maven2/com/github/alexarchambault/case-app-annotations_2.12/2.0.6/case-app-annotations_2.12-2.0.6.jar
2023.08.20 21:32:42 INFO  BSP server: Downloading https://repo1.maven.org/maven2/ch/epfl/scala/com-microsoft-java-debug-core/0.34.0+12/com-microsoft-java-debug-core-0.34.0+12.jar
2023.08.20 21:32:43 INFO  BSP server: Downloaded https://repo1.maven.org/maven2/org/ow2/asm/asm/9.5/asm-9.5.jar
2023.08.20 21:32:43 INFO  BSP server: Downloading https://repo1.maven.org/maven2/ch/qos/logback/logback-core/1.4.6/logback-core-1.4.6.jar
2023.08.20 21:32:43 INFO  BSP server: Downloaded https://repo1.maven.org/maven2/ch/epfl/scala/com-microsoft-java-debug-core/0.34.0+12/com-microsoft-java-debug-core-0.34.0+12.jar
2023.08.20 21:32:43 INFO  BSP server: Downloading https://repo1.maven.org/maven2/me/vican/jorge/jsonrpc4s_2.12/0.1.0/jsonrpc4s_2.12-0.1.0.jar
2023.08.20 21:32:43 INFO  BSP server: Downloaded https://repo1.maven.org/maven2/io/zipkin/brave/brave/5.15.0/brave-5.15.0.jar
2023.08.20 21:32:43 INFO  BSP server: Downloading https://repo1.maven.org/maven2/com/github/plokhotnyuk/jsoniter-scala/jsoniter-scala-core_2.12/2.13.3.2/jsoniter-scala-core_2.12-2.13.3.2.jar
2023.08.20 21:32:43 INFO  BSP server: Downloaded https://repo1.maven.org/maven2/org/apache/logging/log4j/log4j-core/2.20.0/log4j-core-2.20.0.jar
2023.08.20 21:32:43 INFO  BSP server: Downloading https://repo1.maven.org/maven2/io/github/alexarchambault/bleep/bloop-shared_2.12/1.5.6-sc-8/bloop-shared_2.12-1.5.6-sc-8.jar
2023.08.20 21:32:44 INFO  BSP server: Downloaded https://repo1.maven.org/maven2/ch/qos/logback/logback-core/1.4.6/logback-core-1.4.6.jar
2023.08.20 21:32:44 INFO  BSP server: Downloading https://repo1.maven.org/maven2/io/monix/monix-catnap_2.12/3.2.0/monix-catnap_2.12-3.2.0.jar
2023.08.20 21:32:44 INFO  BSP server: Downloaded https://repo1.maven.org/maven2/org/typelevel/cats-core_2.12/2.1.1/cats-core_2.12-2.1.1.jar
2023.08.20 21:32:44 INFO  BSP server: Downloading https://repo1.maven.org/maven2/org/typelevel/cats-effect_2.12/2.1.3/cats-effect_2.12-2.1.3.jar
2023.08.20 21:32:44 INFO  BSP server: Downloaded https://repo1.maven.org/maven2/io/github/alexarchambault/bleep/bloop-shared_2.12/1.5.6-sc-8/bloop-shared_2.12-1.5.6-sc-8.jar
2023.08.20 21:32:44 INFO  BSP server: Downloading https://repo1.maven.org/maven2/ch/qos/logback/logback-classic/1.4.6/logback-classic-1.4.6.jar
2023.08.20 21:32:44 INFO  BSP server: Downloaded https://repo1.maven.org/maven2/me/vican/jorge/jsonrpc4s_2.12/0.1.0/jsonrpc4s_2.12-0.1.0.jar
2023.08.20 21:32:44 INFO  BSP server: Downloading https://repo1.maven.org/maven2/org/scalaz/scalaz-core_2.12/7.3.7/scalaz-core_2.12-7.3.7.jar
2023.08.20 21:32:44 INFO  BSP server: Downloaded https://repo1.maven.org/maven2/com/github/plokhotnyuk/jsoniter-scala/jsoniter-scala-core_2.12/2.13.3.2/jsoniter-scala-core_2.12-2.13.3.2.jar
2023.08.20 21:32:44 INFO  BSP server: Downloading https://repo1.maven.org/maven2/io/get-coursier/interface/1.0.13/interface-1.0.13.jar
2023.08.20 21:32:44 INFO  BSP server: Downloaded https://repo1.maven.org/maven2/io/monix/monix-catnap_2.12/3.2.0/monix-catnap_2.12-3.2.0.jar
2023.08.20 21:32:44 INFO  BSP server: Downloading https://repo1.maven.org/maven2/io/zipkin/reporter2/zipkin-sender-urlconnection/2.16.3/zipkin-sender-urlconnection-2.16.3.jar
2023.08.20 21:32:44 INFO  BSP server: Downloaded https://repo1.maven.org/maven2/io/github/alexarchambault/bleep/bloop-frontend_2.12/1.5.6-sc-8/bloop-frontend_2.12-1.5.6-sc-8.jar
2023.08.20 21:32:44 INFO  BSP server: Downloading https://repo1.maven.org/maven2/io/monix/monix-java_2.12/3.2.0/monix-java_2.12-3.2.0.jar
2023.08.20 21:32:44 INFO  BSP server: Downloaded https://repo1.maven.org/maven2/io/monix/monix-java_2.12/3.2.0/monix-java_2.12-3.2.0.jar
2023.08.20 21:32:44 INFO  BSP server: Downloading https://repo1.maven.org/maven2/io/github/alexarchambault/libdaemon/libdaemon_2.12/0.0.11/libdaemon_2.12-0.0.11.jar
2023.08.20 21:32:45 INFO  BSP server: Downloaded https://repo1.maven.org/maven2/io/zipkin/reporter2/zipkin-sender-urlconnection/2.16.3/zipkin-sender-urlconnection-2.16.3.jar
2023.08.20 21:32:45 INFO  BSP server: Downloading https://repo1.maven.org/maven2/io/monix/monix-execution_2.12/3.2.0/monix-execution_2.12-3.2.0.jar
2023.08.20 21:32:45 INFO  BSP server: Downloaded https://repo1.maven.org/maven2/org/typelevel/cats-effect_2.12/2.1.3/cats-effect_2.12-2.1.3.jar
2023.08.20 21:32:45 INFO  BSP server: Downloading https://repo1.maven.org/maven2/io/monix/implicitbox_2.12/0.2.0/implicitbox_2.12-0.2.0.jar
2023.08.20 21:32:45 INFO  BSP server: Downloaded https://repo1.maven.org/maven2/ch/qos/logback/logback-classic/1.4.6/logback-classic-1.4.6.jar
2023.08.20 21:32:45 INFO  BSP server: Downloading https://repo1.maven.org/maven2/org/reactivestreams/reactive-streams/1.0.4/reactive-streams-1.0.4.jar
2023.08.20 21:32:45 INFO  BSP server: Downloaded https://repo1.maven.org/maven2/io/monix/implicitbox_2.12/0.2.0/implicitbox_2.12-0.2.0.jar
2023.08.20 21:32:45 INFO  BSP server: Downloading https://repo1.maven.org/maven2/io/github/alexarchambault/bleep/bloop-backend_2.12/1.5.6-sc-8/bloop-backend_2.12-1.5.6-sc-8.jar
2023.08.20 21:32:45 INFO  BSP server: Downloaded https://repo1.maven.org/maven2/org/reactivestreams/reactive-streams/1.0.4/reactive-streams-1.0.4.jar
2023.08.20 21:32:45 INFO  BSP server: Downloading https://repo1.maven.org/maven2/ch/epfl/scala/bsp4s_2.12/2.1.0-M3/bsp4s_2.12-2.1.0-M3.jar
2023.08.20 21:32:45 INFO  BSP server: Downloaded https://repo1.maven.org/maven2/io/github/alexarchambault/libdaemon/libdaemon_2.12/0.0.11/libdaemon_2.12-0.0.11.jar
2023.08.20 21:32:47 INFO  no build target found for H:\workshop\javascript\no_typescript\next-no-pimps\app\shared\scala_version.scala. Using presentation compiler with project's scala-library version: 3.3.0
2023.08.20 21:32:48 INFO  BSP server: Downloaded https://repo1.maven.org/maven2/ch/epfl/scala/bsp4s_2.12/2.1.0-M3/bsp4s_2.12-2.1.0-M3.jar
2023.08.20 21:32:48 INFO  BSP server: Downloaded https://repo1.maven.org/maven2/io/github/alexarchambault/bleep/bloop-backend_2.12/1.5.6-sc-8/bloop-backend_2.12-1.5.6-sc-8.jar
2023.08.20 21:32:48 INFO  BSP server: Downloaded https://repo1.maven.org/maven2/io/monix/monix-execution_2.12/3.2.0/monix-execution_2.12-3.2.0.jar
2023.08.20 21:32:49 INFO  time: code lens generation in 9.13s
2023.08.20 21:32:53 INFO  BSP server: Downloaded https://repo1.maven.org/maven2/org/scalaz/scalaz-core_2.12/7.3.7/scalaz-core_2.12-7.3.7.jar
2023.08.20 21:32:53 INFO  BSP server: Downloaded https://repo1.maven.org/maven2/io/get-coursier/interface/1.0.13/interface-1.0.13.jar
2023.08.20 21:32:56 ERROR Timeout waiting for 'build/initialize' response
2023.08.20 21:32:56 WARN  Retrying connection to the build server scala-cli
2023.08.20 21:32:56 INFO  Running BSP server List(C:\Users\HAL\AppData\Local\Coursier\data\bin\.scala-cli.aux.exe, bsp, --json-options, H:\workshop\javascript\no_typescript\next-no-pimps\.scala-build\ide-options-v2.json, H:\workshop\javascript\no_typescript\next-no-pimps)
2023.08.20 21:32:56 INFO  tracing is disabled for protocol BSP, to enable tracing of incoming and outgoing JSON messages create an empty file at H:\workshop\javascript\no_typescript\next-no-pimps\.metals\bsp.trace.json or C:\Users\HAL\AppData\Local\scalameta\metals\cache\bsp.trace.json
2023.08.20 21:33:00 INFO  BSP server: Checking https://repo1.maven.org/maven2/org/scala-lang/scala-library/
2023.08.20 21:33:00 INFO  BSP server: Checked https://repo1.maven.org/maven2/org/scala-lang/scala-library/
2023.08.20 21:33:00 INFO  BSP server: Checking https://repo1.maven.org/maven2/org/scala-lang/scala-library/maven-metadata.xml
2023.08.20 21:33:00 INFO  BSP server: Checked https://repo1.maven.org/maven2/org/scala-lang/scala-library/maven-metadata.xml
2023.08.20 21:33:00 INFO  BSP server: Checking https://repo1.maven.org/maven2/org/scala-lang/scala3-library_3/
2023.08.20 21:33:00 INFO  BSP server: Checked https://repo1.maven.org/maven2/org/scala-lang/scala3-library_3/
2023.08.20 21:33:00 INFO  BSP server: Downloading https://repo1.maven.org/maven2/org/scala-lang/scala3-library_3/
2023.08.20 21:33:00 INFO  BSP server: Downloaded https://repo1.maven.org/maven2/org/scala-lang/scala3-library_3/
2023.08.20 21:33:00 INFO  BSP server: Checking https://repo1.maven.org/maven2/org/scala-lang/scala3-library_3/maven-metadata.xml
2023.08.20 21:33:00 INFO  BSP server: Checked https://repo1.maven.org/maven2/org/scala-lang/scala3-library_3/maven-metadata.xml
2023.08.20 21:33:00 INFO  BSP server: Downloading https://repo1.maven.org/maven2/org/scala-lang/scala3-library_3/maven-metadata.xml
2023.08.20 21:33:00 INFO  BSP server: Downloaded https://repo1.maven.org/maven2/org/scala-lang/scala3-library_3/maven-metadata.xml
2023.08.20 21:33:00 INFO  BSP server: Downloading https://repo1.maven.org/maven2/com/sourcegraph/semanticdb-javac/0.7.4/semanticdb-javac-0.7.4.pom
2023.08.20 21:33:00 INFO  BSP server: Downloaded https://repo1.maven.org/maven2/com/sourcegraph/semanticdb-javac/0.7.4/semanticdb-javac-0.7.4.pom
2023.08.20 21:33:00 INFO  BSP server: Downloading https://repo1.maven.org/maven2/com/sourcegraph/semanticdb-javac/0.7.4/semanticdb-javac-0.7.4.jar
2023.08.20 21:33:01 INFO  BSP server: Downloaded https://repo1.maven.org/maven2/com/sourcegraph/semanticdb-javac/0.7.4/semanticdb-javac-0.7.4.jar
2023.08.20 21:33:01 INFO  time: Connected to build server in 25s
2023.08.20 21:33:01 INFO  Connected to Build server: scala-cli v1.0.2
2023.08.20 21:33:01 INFO  time: Imported build in 0.11s
2023.08.20 21:33:02 INFO  compiling next-no-pimps_bd2c96d2de (1 scala source)
2023.08.20 21:33:02 INFO  time: indexed workspace in 1.34s
2023.08.20 21:33:05 INFO  time: compiled next-no-pimps_bd2c96d2de in 2.94s
2023.08.20 21:33:05 INFO  compiling next-no-pimps_bd2c96d2de (1 scala source)
2023.08.20 21:33:05 INFO  time: compiled next-no-pimps_bd2c96d2de in 0.38s
2023.08.20 21:33:06 INFO  compiling next-no-pimps_bd2c96d2de (1 scala source)
2023.08.20 21:33:06 INFO  time: compiled next-no-pimps_bd2c96d2de in 0.31s
2023.08.20 21:33:06 INFO  compiling next-no-pimps_bd2c96d2de (1 scala source)
2023.08.20 21:33:07 INFO  time: compiled next-no-pimps_bd2c96d2de in 0.31s
Aug. 20, 2023 9:33:20 P.M. org.eclipse.lsp4j.jsonrpc.services.GenericEndpoint notify
INFO: Unsupported notification method: $/setTrace
